0 info it worked if it ends with ok
1 verbose cli [
1 verbose cli   'C:\\Program Files\\nodejs\\node.exe',
1 verbose cli   'C:\\Users\\lbourcier\\AppData\\Roaming\\npm\\node_modules\\npm\\bin\\npm-cli.js',
1 verbose cli   'install',
1 verbose cli   '-g',
1 verbose cli   'livereload'
1 verbose cli ]
2 info using npm@3.10.10
3 info using node@v16.13.0
4 silly loadCurrentTree Starting
5 silly install loadCurrentTree
6 silly install readGlobalPackageData
7 silly fetchPackageMetaData livereload
8 silly fetchNamedPackageData livereload
9 silly mapToRegistry name livereload
10 silly mapToRegistry using default registry
11 silly mapToRegistry registry https://registry.npmjs.org/
12 silly mapToRegistry data Result {
12 silly mapToRegistry   raw: 'livereload',
12 silly mapToRegistry   scope: null,
12 silly mapToRegistry   escapedName: 'livereload',
12 silly mapToRegistry   name: 'livereload',
12 silly mapToRegistry   rawSpec: '',
12 silly mapToRegistry   spec: 'latest',
12 silly mapToRegistry   type: 'tag'
12 silly mapToRegistry }
13 silly mapToRegistry uri https://registry.npmjs.org/livereload
14 verbose request uri https://registry.npmjs.org/livereload
15 verbose request no auth needed
16 info attempt registry request try #1 at 10:02:47
17 verbose request id 8864191e1bc4b091
18 verbose etag W/"41748aa11618cdca31214b66660acdff"
19 verbose lastModified Thu, 18 Mar 2021 21:23:11 GMT
20 http request GET https://registry.npmjs.org/livereload
21 http 304 https://registry.npmjs.org/livereload
22 verbose headers {
22 verbose headers   date: 'Mon, 22 Nov 2021 09:02:59 GMT',
22 verbose headers   connection: 'keep-alive',
22 verbose headers   'cf-ray': '6b20fb66d9b039f9-CDG',
22 verbose headers   age: '125',
22 verbose headers   'cache-control': 'public, max-age=300',
22 verbose headers   etag: '"41748aa11618cdca31214b66660acdff"',
22 verbose headers   'last-modified': 'Thu, 18 Mar 2021 21:23:11 GMT',
22 verbose headers   vary: 'Accept-Encoding',
22 verbose headers   'cf-cache-status': 'HIT',
22 verbose headers   'expect-ct': 'max-age=604800, report-uri="https://report-uri.cloudflare.com/cdn-cgi/beacon/expect-ct"',
22 verbose headers   server: 'cloudflare'
22 verbose headers }
23 silly get cb [
23 silly get   304,
23 silly get   {
23 silly get     date: 'Mon, 22 Nov 2021 09:02:59 GMT',
23 silly get     connection: 'keep-alive',
23 silly get     'cf-ray': '6b20fb66d9b039f9-CDG',
23 silly get     age: '125',
23 silly get     'cache-control': 'public, max-age=300',
23 silly get     etag: '"41748aa11618cdca31214b66660acdff"',
23 silly get     'last-modified': 'Thu, 18 Mar 2021 21:23:11 GMT',
23 silly get     vary: 'Accept-Encoding',
23 silly get     'cf-cache-status': 'HIT',
23 silly get     'expect-ct': 'max-age=604800, report-uri="https://report-uri.cloudflare.com/cdn-cgi/beacon/expect-ct"',
23 silly get     server: 'cloudflare'
23 silly get   }
23 silly get ]
24 verbose etag https://registry.npmjs.org/livereload from cache
25 verbose get saving livereload to C:\Users\lbourcier\AppData\Roaming\npm-cache\registry.npmjs.org\livereload\.cache.json
26 verbose correctMkdir C:\Users\lbourcier\AppData\Roaming\npm-cache correctMkdir not in flight; initializing
27 verbose stack TypeError: cb.apply is not a function
27 verbose stack     at C:\Users\lbourcier\AppData\Roaming\npm\node_modules\npm\node_modules\graceful-fs\polyfills.js:267:18
27 verbose stack     at FSReqCallback.oncomplete (node:fs:199:5)
28 verbose cwd C:\TDubiquity\TDS
29 error Windows_NT 10.0.19043
30 error argv "C:\\Program Files\\nodejs\\node.exe" "C:\\Users\\lbourcier\\AppData\\Roaming\\npm\\node_modules\\npm\\bin\\npm-cli.js" "install" "-g" "livereload"
31 error node v16.13.0
32 error npm  v3.10.10
33 error cb.apply is not a function
34 error If you need help, you may report this error at:
34 error     <https://github.com/npm/npm/issues>
35 verbose exit [ 1, true ]
